<?xml version="1.0" encoding="UTF-8" ?>
<testsuite failures="1" time="0.62" errors="0" skipped="0" tests="1" name="TestSuite">
  <properties>
    <property name="java.runtime.name" value="Java(TM) SE Runtime Environment"/>
    <property name="sun.boot.library.path" value="/usr/lib/jvm/java-6-sun-1.6.0.06/jre/lib/i386"/>
    <property name="java.vm.version" value="10.0-b22"/>
    <property name="java.vm.vendor" value="Sun Microsystems Inc."/>
    <property name="java.vendor.url" value="http://java.sun.com/"/>
    <property name="path.separator" value=":"/>
    <property name="java.vm.name" value="Java HotSpot(TM) Client VM"/>
    <property name="file.encoding.pkg" value="sun.io"/>
    <property name="user.country" value="US"/>
    <property name="sun.java.launcher" value="SUN_STANDARD"/>
    <property name="sun.os.patch.level" value="unknown"/>
    <property name="java.vm.specification.name" value="Java Virtual Machine Specification"/>
    <property name="user.dir" value="/home/klara/workspace/guice-injector-tester"/>
    <property name="java.runtime.version" value="1.6.0_06-b02"/>
    <property name="java.awt.graphicsenv" value="sun.awt.X11GraphicsEnvironment"/>
    <property name="basedir" value="/home/klara/workspace/guice-injector-tester"/>
    <property name="java.endorsed.dirs" value="/usr/lib/jvm/java-6-sun-1.6.0.06/jre/lib/endorsed"/>
    <property name="os.arch" value="i386"/>
    <property name="surefire.real.class.path" value="/tmp/surefirebooter27701.jar"/>
    <property name="java.io.tmpdir" value="/tmp"/>
    <property name="line.separator" value="
"/>
    <property name="java.vm.specification.vendor" value="Sun Microsystems Inc."/>
    <property name="os.name" value="Linux"/>
    <property name="sun.jnu.encoding" value="UTF-8"/>
    <property name="java.library.path" value="/usr/lib/jvm/java-6-sun-1.6.0.06/jre/lib/i386/client:/usr/lib/jvm/java-6-sun-1.6.0.06/jre/lib/i386:/usr/lib/jvm/java-6-sun-1.6.0.06/jre/../lib/i386:/usr/java/packages/lib/i386:/lib:/usr/lib"/>
    <property name="surefire.test.class.path" value="/home/klara/workspace/guice-injector-tester/target/test-classes:/home/klara/workspace/guice-injector-tester/target/classes:/home/klara/.m2/repository/org/testng/testng/5.8/testng-5.8-jdk15.jar:/home/klara/.m2/repository/junit/junit/3.8.1/junit-3.8.1.jar:/home/klara/.m2/repository/org/mockito/mockito-all/1.3/mockito-all-1.3.jar:/home/klara/.m2/repository/com/google/code/guice/guice/1.0/guice-1.0.jar:"/>
    <property name="java.specification.name" value="Java Platform API Specification"/>
    <property name="java.class.version" value="50.0"/>
    <property name="sun.management.compiler" value="HotSpot Client Compiler"/>
    <property name="os.version" value="2.6.24-19-generic"/>
    <property name="user.home" value="/home/klara"/>
    <property name="user.timezone" value="Arctic/Longyearbyen"/>
    <property name="java.awt.printerjob" value="sun.print.PSPrinterJob"/>
    <property name="file.encoding" value="UTF-8"/>
    <property name="java.specification.version" value="1.6"/>
    <property name="user.name" value="klara"/>
    <property name="java.class.path" value="/home/klara/workspace/guice-injector-tester/target/test-classes:/home/klara/workspace/guice-injector-tester/target/classes:/home/klara/.m2/repository/org/testng/testng/5.8/testng-5.8-jdk15.jar:/home/klara/.m2/repository/junit/junit/3.8.1/junit-3.8.1.jar:/home/klara/.m2/repository/org/mockito/mockito-all/1.3/mockito-all-1.3.jar:/home/klara/.m2/repository/com/google/code/guice/guice/1.0/guice-1.0.jar:"/>
    <property name="java.vm.specification.version" value="1.0"/>
    <property name="sun.arch.data.model" value="32"/>
    <property name="java.home" value="/usr/lib/jvm/java-6-sun-1.6.0.06/jre"/>
    <property name="java.specification.vendor" value="Sun Microsystems Inc."/>
    <property name="user.language" value="en"/>
    <property name="java.vm.info" value="mixed mode, sharing"/>
    <property name="java.version" value="1.6.0_06"/>
    <property name="java.ext.dirs" value="/usr/lib/jvm/java-6-sun-1.6.0.06/jre/lib/ext:/usr/java/packages/lib/ext"/>
    <property name="sun.boot.class.path" value="/usr/lib/jvm/java-6-sun-1.6.0.06/jre/lib/resources.jar:/usr/lib/jvm/java-6-sun-1.6.0.06/jre/lib/rt.jar:/usr/lib/jvm/java-6-sun-1.6.0.06/jre/lib/sunrsasign.jar:/usr/lib/jvm/java-6-sun-1.6.0.06/jre/lib/jsse.jar:/usr/lib/jvm/java-6-sun-1.6.0.06/jre/lib/jce.jar:/usr/lib/jvm/java-6-sun-1.6.0.06/jre/lib/charsets.jar:/usr/lib/jvm/java-6-sun-1.6.0.06/jre/classes"/>
    <property name="java.vendor" value="Sun Microsystems Inc."/>
    <property name="localRepository" value="/home/klara/.m2/repository"/>
    <property name="file.separator" value="/"/>
    <property name="java.vendor.url.bug" value="http://java.sun.com/cgi-bin/bugreport.cgi"/>
    <property name="sun.cpu.endian" value="little"/>
    <property name="sun.io.unicode.encoding" value="UnicodeLittle"/>
    <property name="sun.desktop" value="gnome"/>
    <property name="sun.cpu.isalist" value=""/>
  </properties>
  <testcase time="0.017" classname="no.bekk.guice.InjectionTest" name="shouldInjectDefinedBinding">
    <failure type="java.lang.NullPointerException">java.lang.NullPointerException
	at com.google.inject.AbstractModule.bind(AbstractModule.java:112)
	at no.bekk.guice.TestingModule.configure(TestingModule.java:12)
	at no.bekk.guice.TestingModule.inject(TestingModule.java:17)
	at no.bekk.guice.InjectionTest.shouldInjectDefinedBinding(InjectionTest.java:10)
</failure>
  </testcase>
</testsuite>